[debug] [2025-07-18T04:37:58.775Z] ----------------------------------------------------------------------
[debug] [2025-07-18T04:37:58.778Z] Command:       C:\Program Files\nodejs\node.exe C:\Users\Lenovo\AppData\Roaming\npm\node_modules\firebase-tools\lib\bin\firebase.js emulators:start --only functions
[debug] [2025-07-18T04:37:58.778Z] CLI Version:   14.11.0
[debug] [2025-07-18T04:37:58.778Z] Platform:      win32
[debug] [2025-07-18T04:37:58.778Z] Node Version:  v22.12.0
[debug] [2025-07-18T04:37:58.778Z] Time:          Fri Jul 18 2025 10:37:58 GMT+0600 (Bangladesh Standard Time)
[debug] [2025-07-18T04:37:58.778Z] ----------------------------------------------------------------------
[debug] 
[debug] [2025-07-18T04:37:58.965Z] > command requires scopes: ["email","openid","https://www.googleapis.com/auth/cloudplatformprojects.readonly","https://www.googleapis.com/auth/firebase","https://www.googleapis.com/auth/cloud-platform"]
[debug] [2025-07-18T04:37:58.965Z] > authorizing via signed-in user (masudranaorg71@gmail.com)
[info] i  emulators: Starting emulators: functions {"metadata":{"emulator":{"name":"hub"},"message":"Starting emulators: functions"}}
[debug] [2025-07-18T04:37:58.977Z] [logging] Logging Emulator only supports listening on one address (127.0.0.1). Not listening on ::1
[debug] [2025-07-18T04:37:58.977Z] assigned listening specs for emulators {"user":{"hub":[{"address":"127.0.0.1","family":"IPv4","port":4400},{"address":"::1","family":"IPv6","port":4400}],"ui":[{"address":"127.0.0.1","family":"IPv4","port":4000},{"address":"::1","family":"IPv6","port":4000}],"logging":[{"address":"127.0.0.1","family":"IPv4","port":4500}]},"metadata":{"message":"assigned listening specs for emulators"}}
[debug] [2025-07-18T04:37:58.981Z] [hub] writing locator at C:\Users\Lenovo\AppData\Local\Temp\hub-ticketfinal-80f30.json
[debug] [2025-07-18T04:37:59.002Z] [functions] Functions Emulator only supports listening on one address (127.0.0.1). Not listening on ::1
[debug] [2025-07-18T04:37:59.002Z] [eventarc] Eventarc Emulator only supports listening on one address (127.0.0.1). Not listening on ::1
[debug] [2025-07-18T04:37:59.002Z] [tasks] Cloud Tasks Emulator only supports listening on one address (127.0.0.1). Not listening on ::1
[debug] [2025-07-18T04:37:59.003Z] late-assigned ports for functions and eventarc emulators {"user":{"hub":[{"address":"127.0.0.1","family":"IPv4","port":4400},{"address":"::1","family":"IPv6","port":4400}],"ui":[{"address":"127.0.0.1","family":"IPv4","port":4000},{"address":"::1","family":"IPv6","port":4000}],"logging":[{"address":"127.0.0.1","family":"IPv4","port":4500}],"functions":[{"address":"127.0.0.1","family":"IPv4","port":5001}],"eventarc":[{"address":"127.0.0.1","family":"IPv4","port":9299}],"tasks":[{"address":"127.0.0.1","family":"IPv4","port":9499}]},"metadata":{"message":"late-assigned ports for functions and eventarc emulators"}}
[warn] !  functions: The following emulators are not running, calls to these services from the Functions emulator will affect production: apphosting, auth, firestore, database, hosting, pubsub, storage, dataconnect {"metadata":{"emulator":{"name":"functions"},"message":"The following emulators are not running, calls to these services from the Functions emulator will affect production: \u001b[1mapphosting, auth, firestore, database, hosting, pubsub, storage, dataconnect\u001b[22m"}}
[debug] [2025-07-18T04:37:59.024Z] defaultcredentials: writing to file C:\Users\Lenovo\AppData\Roaming\firebase\masudranaorg71_gmail_com_application_default_credentials.json
[debug] [2025-07-18T04:37:59.025Z] Setting GAC to C:\Users\Lenovo\AppData\Roaming\firebase\masudranaorg71_gmail_com_application_default_credentials.json {"metadata":{"emulator":{"name":"functions"},"message":"Setting GAC to C:\\Users\\Lenovo\\AppData\\Roaming\\firebase\\masudranaorg71_gmail_com_application_default_credentials.json"}}
[debug] [2025-07-18T04:37:59.026Z] Checked if tokens are valid: true, expires at: 1752815532854
[debug] [2025-07-18T04:37:59.026Z] Checked if tokens are valid: true, expires at: 1752815532854
[debug] [2025-07-18T04:37:59.027Z] >>> [apiv2][query] GET https://firebase.googleapis.com/v1beta1/projects/ticketfinal-80f30/adminSdkConfig [none]
[debug] [2025-07-18T04:37:59.750Z] <<< [apiv2][status] GET https://firebase.googleapis.com/v1beta1/projects/ticketfinal-80f30/adminSdkConfig 200
[debug] [2025-07-18T04:37:59.750Z] <<< [apiv2][body] GET https://firebase.googleapis.com/v1beta1/projects/ticketfinal-80f30/adminSdkConfig {"projectId":"ticketfinal-80f30","storageBucket":"ticketfinal-80f30.firebasestorage.app"}
[info] i  ui: downloading ui-v1.15.0.zip... {"metadata":{"emulator":{"name":"ui"},"message":"downloading ui-v1.15.0.zip..."}}
[debug] [2025-07-18T04:37:59.770Z] >>> [apiv2][query] GET https://storage.googleapis.com/firebase-preview-drop/emulator/ui-v1.15.0.zip 
[debug] [2025-07-18T04:38:00.433Z] <<< [apiv2][status] GET https://storage.googleapis.com/firebase-preview-drop/emulator/ui-v1.15.0.zip 200
[debug] [2025-07-18T04:38:00.433Z] <<< [apiv2][body] GET https://storage.googleapis.com/firebase-preview-drop/emulator/ui-v1.15.0.zip [stream]
[debug] [2025-07-18T04:38:02.340Z] Data is 3538469
[debug] [2025-07-18T04:38:02.340Z] [unzip] Entry: client/ (compressed_size=0 bytes, uncompressed_size=0 bytes)
[debug] [2025-07-18T04:38:02.340Z] [unzip] Processing entry: client\
[debug] [2025-07-18T04:38:02.340Z] [unzip] mkdir: C:\Users\Lenovo\.cache\firebase\emulators\ui-v1.15.0\client\
[debug] [2025-07-18T04:38:02.341Z] [unzip] Entry: client/favicon-16x16.png (compressed_size=293 bytes, uncompressed_size=293 bytes)
[debug] [2025-07-18T04:38:02.341Z] [unzip] Processing entry: client\favicon-16x16.png
[debug] [2025-07-18T04:38:02.341Z] [unzip] else mkdir: C:\Users\Lenovo\.cache\firebase\emulators\ui-v1.15.0\client
[debug] [2025-07-18T04:38:02.341Z] [unzip] Writing file: C:\Users\Lenovo\.cache\firebase\emulators\ui-v1.15.0\client\favicon-16x16.png
[debug] [2025-07-18T04:38:02.343Z] [unzip] Entry: client/safari-pinned-tab.svg (compressed_size=1433 bytes, uncompressed_size=2611 bytes)
[debug] [2025-07-18T04:38:02.343Z] [unzip] Processing entry: client\safari-pinned-tab.svg
[debug] [2025-07-18T04:38:02.343Z] [unzip] else mkdir: C:\Users\Lenovo\.cache\firebase\emulators\ui-v1.15.0\client
[debug] [2025-07-18T04:38:02.343Z] [unzip] deflating: C:\Users\Lenovo\.cache\firebase\emulators\ui-v1.15.0\client\safari-pinned-tab.svg
[debug] [2025-07-18T04:38:02.346Z] [unzip] Entry: client/favicon.ico (compressed_size=2933 bytes, uncompressed_size=13294 bytes)
[debug] [2025-07-18T04:38:02.346Z] [unzip] Processing entry: client\favicon.ico
[debug] [2025-07-18T04:38:02.346Z] [unzip] else mkdir: C:\Users\Lenovo\.cache\firebase\emulators\ui-v1.15.0\client
[debug] [2025-07-18T04:38:02.346Z] [unzip] deflating: C:\Users\Lenovo\.cache\firebase\emulators\ui-v1.15.0\client\favicon.ico
[debug] [2025-07-18T04:38:02.348Z] [unzip] Entry: client/index.html (compressed_size=1364 bytes, uncompressed_size=3071 bytes)
[debug] [2025-07-18T04:38:02.348Z] [unzip] Processing entry: client\index.html
[debug] [2025-07-18T04:38:02.348Z] [unzip] else mkdir: C:\Users\Lenovo\.cache\firebase\emulators\ui-v1.15.0\client
[debug] [2025-07-18T04:38:02.348Z] [unzip] deflating: C:\Users\Lenovo\.cache\firebase\emulators\ui-v1.15.0\client\index.html
[debug] [2025-07-18T04:38:02.350Z] [unzip] Entry: client/android-chrome-192x192.png (compressed_size=2684 bytes, uncompressed_size=2684 bytes)
[debug] [2025-07-18T04:38:02.350Z] [unzip] Processing entry: client\android-chrome-192x192.png
[debug] [2025-07-18T04:38:02.350Z] [unzip] else mkdir: C:\Users\Lenovo\.cache\firebase\emulators\ui-v1.15.0\client
[debug] [2025-07-18T04:38:02.350Z] [unzip] Writing file: C:\Users\Lenovo\.cache\firebase\emulators\ui-v1.15.0\client\android-chrome-192x192.png
[debug] [2025-07-18T04:38:02.351Z] [unzip] Entry: client/apple-touch-icon.png (compressed_size=2123 bytes, uncompressed_size=2152 bytes)
[debug] [2025-07-18T04:38:02.351Z] [unzip] Processing entry: client\apple-touch-icon.png
[debug] [2025-07-18T04:38:02.351Z] [unzip] else mkdir: C:\Users\Lenovo\.cache\firebase\emulators\ui-v1.15.0\client
[debug] [2025-07-18T04:38:02.351Z] [unzip] deflating: C:\Users\Lenovo\.cache\firebase\emulators\ui-v1.15.0\client\apple-touch-icon.png
[debug] [2025-07-18T04:38:02.353Z] [unzip] Entry: client/android-chrome-512x512.png (compressed_size=5369 bytes, uncompressed_size=5411 bytes)
[debug] [2025-07-18T04:38:02.354Z] [unzip] Processing entry: client\android-chrome-512x512.png
[debug] [2025-07-18T04:38:02.354Z] [unzip] else mkdir: C:\Users\Lenovo\.cache\firebase\emulators\ui-v1.15.0\client
[debug] [2025-07-18T04:38:02.355Z] [unzip] deflating: C:\Users\Lenovo\.cache\firebase\emulators\ui-v1.15.0\client\android-chrome-512x512.png
[debug] [2025-07-18T04:38:02.356Z] [unzip] Entry: client/manifest.json (compressed_size=245 bytes, uncompressed_size=551 bytes)
[debug] [2025-07-18T04:38:02.356Z] [unzip] Processing entry: client\manifest.json
[debug] [2025-07-18T04:38:02.356Z] [unzip] else mkdir: C:\Users\Lenovo\.cache\firebase\emulators\ui-v1.15.0\client
[debug] [2025-07-18T04:38:02.356Z] [unzip] deflating: C:\Users\Lenovo\.cache\firebase\emulators\ui-v1.15.0\client\manifest.json
[debug] [2025-07-18T04:38:02.358Z] [unzip] Entry: client/robots.txt (compressed_size=26 bytes, uncompressed_size=26 bytes)
[debug] [2025-07-18T04:38:02.358Z] [unzip] Processing entry: client\robots.txt
[debug] [2025-07-18T04:38:02.358Z] [unzip] else mkdir: C:\Users\Lenovo\.cache\firebase\emulators\ui-v1.15.0\client
[debug] [2025-07-18T04:38:02.358Z] [unzip] Writing file: C:\Users\Lenovo\.cache\firebase\emulators\ui-v1.15.0\client\robots.txt
[debug] [2025-07-18T04:38:02.359Z] [unzip] Entry: client/mstile-150x150.png (compressed_size=2034 bytes, uncompressed_size=2034 bytes)
[debug] [2025-07-18T04:38:02.359Z] [unzip] Processing entry: client\mstile-150x150.png
[debug] [2025-07-18T04:38:02.359Z] [unzip] else mkdir: C:\Users\Lenovo\.cache\firebase\emulators\ui-v1.15.0\client
[debug] [2025-07-18T04:38:02.359Z] [unzip] Writing file: C:\Users\Lenovo\.cache\firebase\emulators\ui-v1.15.0\client\mstile-150x150.png
[debug] [2025-07-18T04:38:02.360Z] [unzip] Entry: client/assets/ (compressed_size=0 bytes, uncompressed_size=0 bytes)
[debug] [2025-07-18T04:38:02.360Z] [unzip] Processing entry: client\assets\
[debug] [2025-07-18T04:38:02.360Z] [unzip] mkdir: C:\Users\Lenovo\.cache\firebase\emulators\ui-v1.15.0\client\assets\
[debug] [2025-07-18T04:38:02.360Z] [unzip] Entry: client/assets/index-BX-A56oj.js (compressed_size=582089 bytes, uncompressed_size=2092775 bytes)
[debug] [2025-07-18T04:38:02.360Z] [unzip] Processing entry: client\assets\index-BX-A56oj.js
[debug] [2025-07-18T04:38:02.360Z] [unzip] else mkdir: C:\Users\Lenovo\.cache\firebase\emulators\ui-v1.15.0\client\assets
[debug] [2025-07-18T04:38:02.361Z] [unzip] deflating: C:\Users\Lenovo\.cache\firebase\emulators\ui-v1.15.0\client\assets\index-BX-A56oj.js
[debug] [2025-07-18T04:38:02.374Z] [unzip] Entry: client/assets/index-CjB9C900.css (compressed_size=35979 bytes, uncompressed_size=298654 bytes)
[debug] [2025-07-18T04:38:02.375Z] [unzip] Processing entry: client\assets\index-CjB9C900.css
[debug] [2025-07-18T04:38:02.375Z] [unzip] else mkdir: C:\Users\Lenovo\.cache\firebase\emulators\ui-v1.15.0\client\assets
[debug] [2025-07-18T04:38:02.375Z] [unzip] deflating: C:\Users\Lenovo\.cache\firebase\emulators\ui-v1.15.0\client\assets\index-CjB9C900.css
[debug] [2025-07-18T04:38:02.377Z] [unzip] Entry: client/assets/index-BX-A56oj.js.map (compressed_size=2362482 bytes, uncompressed_size=10036679 bytes)
[debug] [2025-07-18T04:38:02.377Z] [unzip] Processing entry: client\assets\index-BX-A56oj.js.map
[debug] [2025-07-18T04:38:02.377Z] [unzip] else mkdir: C:\Users\Lenovo\.cache\firebase\emulators\ui-v1.15.0\client\assets
[debug] [2025-07-18T04:38:02.377Z] [unzip] deflating: C:\Users\Lenovo\.cache\firebase\emulators\ui-v1.15.0\client\assets\index-BX-A56oj.js.map
[debug] [2025-07-18T04:38:02.421Z] [unzip] Entry: client/assets/extensions/ (compressed_size=0 bytes, uncompressed_size=0 bytes)
[debug] [2025-07-18T04:38:02.421Z] [unzip] Processing entry: client\assets\extensions\
[debug] [2025-07-18T04:38:02.421Z] [unzip] mkdir: C:\Users\Lenovo\.cache\firebase\emulators\ui-v1.15.0\client\assets\extensions\
[debug] [2025-07-18T04:38:02.421Z] [unzip] Entry: client/assets/extensions/default-extension.png (compressed_size=1646 bytes, uncompressed_size=1657 bytes)
[debug] [2025-07-18T04:38:02.421Z] [unzip] Processing entry: client\assets\extensions\default-extension.png
[debug] [2025-07-18T04:38:02.421Z] [unzip] else mkdir: C:\Users\Lenovo\.cache\firebase\emulators\ui-v1.15.0\client\assets\extensions
[debug] [2025-07-18T04:38:02.422Z] [unzip] deflating: C:\Users\Lenovo\.cache\firebase\emulators\ui-v1.15.0\client\assets\extensions\default-extension.png
[debug] [2025-07-18T04:38:02.423Z] [unzip] Entry: client/assets/img/ (compressed_size=0 bytes, uncompressed_size=0 bytes)
[debug] [2025-07-18T04:38:02.423Z] [unzip] Processing entry: client\assets\img\
[debug] [2025-07-18T04:38:02.423Z] [unzip] mkdir: C:\Users\Lenovo\.cache\firebase\emulators\ui-v1.15.0\client\assets\img\
[debug] [2025-07-18T04:38:02.423Z] [unzip] Entry: client/assets/img/database.png (compressed_size=29449 bytes, uncompressed_size=29988 bytes)
[debug] [2025-07-18T04:38:02.423Z] [unzip] Processing entry: client\assets\img\database.png
[debug] [2025-07-18T04:38:02.423Z] [unzip] else mkdir: C:\Users\Lenovo\.cache\firebase\emulators\ui-v1.15.0\client\assets\img
[debug] [2025-07-18T04:38:02.423Z] [unzip] deflating: C:\Users\Lenovo\.cache\firebase\emulators\ui-v1.15.0\client\assets\img\database.png
[debug] [2025-07-18T04:38:02.424Z] [unzip] Entry: client/assets/provider-icons/ (compressed_size=0 bytes, uncompressed_size=0 bytes)
[debug] [2025-07-18T04:38:02.424Z] [unzip] Processing entry: client\assets\provider-icons\
[debug] [2025-07-18T04:38:02.424Z] [unzip] mkdir: C:\Users\Lenovo\.cache\firebase\emulators\ui-v1.15.0\client\assets\provider-icons\
[debug] [2025-07-18T04:38:02.425Z] [unzip] Entry: client/assets/provider-icons/auth_service_saml.svg (compressed_size=575 bytes, uncompressed_size=1226 bytes)
[debug] [2025-07-18T04:38:02.425Z] [unzip] Processing entry: client\assets\provider-icons\auth_service_saml.svg
[debug] [2025-07-18T04:38:02.425Z] [unzip] else mkdir: C:\Users\Lenovo\.cache\firebase\emulators\ui-v1.15.0\client\assets\provider-icons
[debug] [2025-07-18T04:38:02.425Z] [unzip] deflating: C:\Users\Lenovo\.cache\firebase\emulators\ui-v1.15.0\client\assets\provider-icons\auth_service_saml.svg
[debug] [2025-07-18T04:38:02.426Z] [unzip] Entry: client/assets/provider-icons/auth_service_phone.svg (compressed_size=261 bytes, uncompressed_size=414 bytes)
[debug] [2025-07-18T04:38:02.426Z] [unzip] Processing entry: client\assets\provider-icons\auth_service_phone.svg
[debug] [2025-07-18T04:38:02.426Z] [unzip] else mkdir: C:\Users\Lenovo\.cache\firebase\emulators\ui-v1.15.0\client\assets\provider-icons
[debug] [2025-07-18T04:38:02.426Z] [unzip] deflating: C:\Users\Lenovo\.cache\firebase\emulators\ui-v1.15.0\client\assets\provider-icons\auth_service_phone.svg
[debug] [2025-07-18T04:38:02.427Z] [unzip] Entry: client/assets/provider-icons/auth_service_facebook.svg (compressed_size=289 bytes, uncompressed_size=457 bytes)
[debug] [2025-07-18T04:38:02.427Z] [unzip] Processing entry: client\assets\provider-icons\auth_service_facebook.svg
[debug] [2025-07-18T04:38:02.427Z] [unzip] else mkdir: C:\Users\Lenovo\.cache\firebase\emulators\ui-v1.15.0\client\assets\provider-icons
[debug] [2025-07-18T04:38:02.427Z] [unzip] deflating: C:\Users\Lenovo\.cache\firebase\emulators\ui-v1.15.0\client\assets\provider-icons\auth_service_facebook.svg
[debug] [2025-07-18T04:38:02.428Z] [unzip] Entry: client/assets/provider-icons/auth_service_game_center.svg (compressed_size=991 bytes, uncompressed_size=3921 bytes)
[debug] [2025-07-18T04:38:02.428Z] [unzip] Processing entry: client\assets\provider-icons\auth_service_game_center.svg
[debug] [2025-07-18T04:38:02.428Z] [unzip] else mkdir: C:\Users\Lenovo\.cache\firebase\emulators\ui-v1.15.0\client\assets\provider-icons
[debug] [2025-07-18T04:38:02.428Z] [unzip] deflating: C:\Users\Lenovo\.cache\firebase\emulators\ui-v1.15.0\client\assets\provider-icons\auth_service_game_center.svg
[debug] [2025-07-18T04:38:02.429Z] [unzip] Entry: client/assets/provider-icons/auth_service_apple.svg (compressed_size=230 bytes, uncompressed_size=334 bytes)
[debug] [2025-07-18T04:38:02.429Z] [unzip] Processing entry: client\assets\provider-icons\auth_service_apple.svg
[debug] [2025-07-18T04:38:02.429Z] [unzip] else mkdir: C:\Users\Lenovo\.cache\firebase\emulators\ui-v1.15.0\client\assets\provider-icons
[debug] [2025-07-18T04:38:02.429Z] [unzip] deflating: C:\Users\Lenovo\.cache\firebase\emulators\ui-v1.15.0\client\assets\provider-icons\auth_service_apple.svg
[debug] [2025-07-18T04:38:02.430Z] [unzip] Entry: client/assets/provider-icons/auth_service_github.svg (compressed_size=466 bytes, uncompressed_size=838 bytes)
[debug] [2025-07-18T04:38:02.430Z] [unzip] Processing entry: client\assets\provider-icons\auth_service_github.svg
[debug] [2025-07-18T04:38:02.430Z] [unzip] else mkdir: C:\Users\Lenovo\.cache\firebase\emulators\ui-v1.15.0\client\assets\provider-icons
[debug] [2025-07-18T04:38:02.430Z] [unzip] deflating: C:\Users\Lenovo\.cache\firebase\emulators\ui-v1.15.0\client\assets\provider-icons\auth_service_github.svg
[debug] [2025-07-18T04:38:02.431Z] [unzip] Entry: client/assets/provider-icons/auth_service_mslive.svg (compressed_size=203 bytes, uncompressed_size=378 bytes)
[debug] [2025-07-18T04:38:02.431Z] [unzip] Processing entry: client\assets\provider-icons\auth_service_mslive.svg
[debug] [2025-07-18T04:38:02.431Z] [unzip] else mkdir: C:\Users\Lenovo\.cache\firebase\emulators\ui-v1.15.0\client\assets\provider-icons
[debug] [2025-07-18T04:38:02.431Z] [unzip] deflating: C:\Users\Lenovo\.cache\firebase\emulators\ui-v1.15.0\client\assets\provider-icons\auth_service_mslive.svg
[debug] [2025-07-18T04:38:02.432Z] [unzip] Entry: client/assets/provider-icons/auth_service_yahoo.svg (compressed_size=577 bytes, uncompressed_size=1182 bytes)
[debug] [2025-07-18T04:38:02.432Z] [unzip] Processing entry: client\assets\provider-icons\auth_service_yahoo.svg
[debug] [2025-07-18T04:38:02.432Z] [unzip] else mkdir: C:\Users\Lenovo\.cache\firebase\emulators\ui-v1.15.0\client\assets\provider-icons
[debug] [2025-07-18T04:38:02.432Z] [unzip] deflating: C:\Users\Lenovo\.cache\firebase\emulators\ui-v1.15.0\client\assets\provider-icons\auth_service_yahoo.svg
[debug] [2025-07-18T04:38:02.433Z] [unzip] Entry: client/assets/provider-icons/auth_service_twitter.svg (compressed_size=444 bytes, uncompressed_size=751 bytes)
[debug] [2025-07-18T04:38:02.433Z] [unzip] Processing entry: client\assets\provider-icons\auth_service_twitter.svg
[debug] [2025-07-18T04:38:02.433Z] [unzip] else mkdir: C:\Users\Lenovo\.cache\firebase\emulators\ui-v1.15.0\client\assets\provider-icons
[debug] [2025-07-18T04:38:02.433Z] [unzip] deflating: C:\Users\Lenovo\.cache\firebase\emulators\ui-v1.15.0\client\assets\provider-icons\auth_service_twitter.svg
[debug] [2025-07-18T04:38:02.434Z] [unzip] Entry: client/assets/provider-icons/auth_service_play_games.svg (compressed_size=565 bytes, uncompressed_size=1173 bytes)
[debug] [2025-07-18T04:38:02.434Z] [unzip] Processing entry: client\assets\provider-icons\auth_service_play_games.svg
[debug] [2025-07-18T04:38:02.434Z] [unzip] else mkdir: C:\Users\Lenovo\.cache\firebase\emulators\ui-v1.15.0\client\assets\provider-icons
[debug] [2025-07-18T04:38:02.434Z] [unzip] deflating: C:\Users\Lenovo\.cache\firebase\emulators\ui-v1.15.0\client\assets\provider-icons\auth_service_play_games.svg
[debug] [2025-07-18T04:38:02.435Z] [unzip] Entry: client/assets/provider-icons/auth_service_email.svg (compressed_size=228 bytes, uncompressed_size=326 bytes)
[debug] [2025-07-18T04:38:02.435Z] [unzip] Processing entry: client\assets\provider-icons\auth_service_email.svg
[debug] [2025-07-18T04:38:02.435Z] [unzip] else mkdir: C:\Users\Lenovo\.cache\firebase\emulators\ui-v1.15.0\client\assets\provider-icons
[debug] [2025-07-18T04:38:02.436Z] [unzip] deflating: C:\Users\Lenovo\.cache\firebase\emulators\ui-v1.15.0\client\assets\provider-icons\auth_service_email.svg
[debug] [2025-07-18T04:38:02.436Z] [unzip] Entry: client/assets/provider-icons/auth_service_google.svg (compressed_size=409 bytes, uncompressed_size=720 bytes)
[debug] [2025-07-18T04:38:02.436Z] [unzip] Processing entry: client\assets\provider-icons\auth_service_google.svg
[debug] [2025-07-18T04:38:02.436Z] [unzip] else mkdir: C:\Users\Lenovo\.cache\firebase\emulators\ui-v1.15.0\client\assets\provider-icons
[debug] [2025-07-18T04:38:02.437Z] [unzip] deflating: C:\Users\Lenovo\.cache\firebase\emulators\ui-v1.15.0\client\assets\provider-icons\auth_service_google.svg
[debug] [2025-07-18T04:38:02.438Z] [unzip] Entry: client/assets/provider-icons/auth_service_oidc.svg (compressed_size=414 bytes, uncompressed_size=858 bytes)
[debug] [2025-07-18T04:38:02.438Z] [unzip] Processing entry: client\assets\provider-icons\auth_service_oidc.svg
[debug] [2025-07-18T04:38:02.438Z] [unzip] else mkdir: C:\Users\Lenovo\.cache\firebase\emulators\ui-v1.15.0\client\assets\provider-icons
[debug] [2025-07-18T04:38:02.438Z] [unzip] deflating: C:\Users\Lenovo\.cache\firebase\emulators\ui-v1.15.0\client\assets\provider-icons\auth_service_oidc.svg
[debug] [2025-07-18T04:38:02.439Z] [unzip] Entry: client/browserconfig.xml (compressed_size=491 bytes, uncompressed_size=822 bytes)
[debug] [2025-07-18T04:38:02.439Z] [unzip] Processing entry: client\browserconfig.xml
[debug] [2025-07-18T04:38:02.439Z] [unzip] else mkdir: C:\Users\Lenovo\.cache\firebase\emulators\ui-v1.15.0\client
[debug] [2025-07-18T04:38:02.439Z] [unzip] deflating: C:\Users\Lenovo\.cache\firebase\emulators\ui-v1.15.0\client\browserconfig.xml
[debug] [2025-07-18T04:38:02.440Z] [unzip] Entry: client/favicon-32x32.png (compressed_size=475 bytes, uncompressed_size=475 bytes)
[debug] [2025-07-18T04:38:02.440Z] [unzip] Processing entry: client\favicon-32x32.png
[debug] [2025-07-18T04:38:02.440Z] [unzip] else mkdir: C:\Users\Lenovo\.cache\firebase\emulators\ui-v1.15.0\client
[debug] [2025-07-18T04:38:02.440Z] [unzip] Writing file: C:\Users\Lenovo\.cache\firebase\emulators\ui-v1.15.0\client\favicon-32x32.png
[debug] [2025-07-18T04:38:02.441Z] [unzip] Entry: server/ (compressed_size=0 bytes, uncompressed_size=0 bytes)
[debug] [2025-07-18T04:38:02.441Z] [unzip] Processing entry: server\
[debug] [2025-07-18T04:38:02.441Z] [unzip] mkdir: C:\Users\Lenovo\.cache\firebase\emulators\ui-v1.15.0\server\
[debug] [2025-07-18T04:38:02.441Z] [unzip] Entry: server/server.mjs.map (compressed_size=217845 bytes, uncompressed_size=944978 bytes)
[debug] [2025-07-18T04:38:02.441Z] [unzip] Processing entry: server\server.mjs.map
[debug] [2025-07-18T04:38:02.441Z] [unzip] else mkdir: C:\Users\Lenovo\.cache\firebase\emulators\ui-v1.15.0\server
[debug] [2025-07-18T04:38:02.442Z] [unzip] deflating: C:\Users\Lenovo\.cache\firebase\emulators\ui-v1.15.0\server\server.mjs.map
[debug] [2025-07-18T04:38:02.446Z] [unzip] Entry: server/server.mjs (compressed_size=276407 bytes, uncompressed_size=933701 bytes)
[debug] [2025-07-18T04:38:02.446Z] [unzip] Processing entry: server\server.mjs
[debug] [2025-07-18T04:38:02.446Z] [unzip] else mkdir: C:\Users\Lenovo\.cache\firebase\emulators\ui-v1.15.0\server
[debug] [2025-07-18T04:38:02.447Z] [unzip] deflating: C:\Users\Lenovo\.cache\firebase\emulators\ui-v1.15.0\server\server.mjs
[info] i  functions: Watching "C:\Users\Lenovo\Desktop\PractiseZone\React Native Practise\TicketFinal\functions" for Cloud Functions... {"metadata":{"emulator":{"name":"functions"},"message":"Watching \"C:\\Users\\Lenovo\\Desktop\\PractiseZone\\React Native Practise\\TicketFinal\\functions\" for Cloud Functions..."}}
[debug] [2025-07-18T04:38:02.462Z] Validating nodejs source
[debug] [2025-07-18T04:38:03.468Z] > [functions] package.json contents: {
  "name": "functions",
  "scripts": {
    "build": "tsc",
    "build:watch": "tsc --watch",
    "serve": "npm run build && firebase emulators:start --only functions",
    "shell": "npm run build && firebase functions:shell",
    "start": "npm run shell",
    "deploy": "firebase deploy --only functions",
    "logs": "firebase functions:log"
  },
  "engines": {
    "node": "22"
  },
  "main": "lib/index.js",
  "dependencies": {
    "axios": "^1.10.0",
    "firebase-admin": "^12.6.0",
    "firebase-functions": "^6.0.1"
  },
  "devDependencies": {
    "firebase-functions-test": "^3.1.0",
    "typescript": "^5.7.3"
  },
  "private": true
}
[debug] [2025-07-18T04:38:03.468Z] Building nodejs source
[debug] [2025-07-18T04:38:03.468Z] Failed to find version of module node: reached end of search path C:\Users\Lenovo\Desktop\PractiseZone\React Native Practise\TicketFinal\functions\node_modules
[info] +  functions: Using node@22 from host. 
[debug] [2025-07-18T04:38:03.471Z] Could not find functions.yaml. Must use http discovery
[debug] [2025-07-18T04:38:03.480Z] Found firebase-functions binary at 'C:\Users\Lenovo\Desktop\PractiseZone\React Native Practise\TicketFinal\functions\node_modules\.bin\firebase-functions'
[info] Serving at port 8445

[debug] [2025-07-18T04:38:04.223Z] Got response from /__/functions.yaml {"endpoints":{"initiateSSLPayment":{"availableMemoryMb":null,"timeoutSeconds":null,"minInstances":null,"maxInstances":null,"ingressSettings":null,"concurrency":null,"serviceAccountEmail":null,"vpc":null,"platform":"gcfv2","labels":{},"httpsTrigger":{},"entryPoint":"initiateSSLPayment"}},"specVersion":"v1alpha1","requiredAPIs":[],"extensions":{}}
[info] +  functions: Loaded functions definitions from source: initiateSSLPayment. {"metadata":{"emulator":{"name":"functions"},"message":"Loaded functions definitions from source: initiateSSLPayment."}}
[info] +  functions[us-central1-initiateSSLPayment]: http function initialized (http://127.0.0.1:5001/ticketfinal-80f30/us-central1/initiateSSLPayment). {"metadata":{"emulator":{"name":"functions"},"message":"\u001b[1mhttp\u001b[22m function initialized (http://127.0.0.1:5001/ticketfinal-80f30/us-central1/initiateSSLPayment)."}}
[debug] [2025-07-18T04:38:08.260Z] Could not find VSCode notification endpoint: FetchError: request to http://localhost:40001/vscode/notify failed, reason: connect ECONNREFUSED ::1:40001. If you are not running the Firebase Data Connect VSCode extension, this is expected and not an issue.
[info] 
┌─────────────────────────────────────────────────────────────┐
│ ✔  All emulators ready! It is now safe to connect your app. │
│ i  View Emulator UI at http://127.0.0.1:4000/               │
└─────────────────────────────────────────────────────────────┘

┌───────────┬────────────────┬─────────────────────────────────┐
│ Emulator  │ Host:Port      │ View in Emulator UI             │
├───────────┼────────────────┼─────────────────────────────────┤
│ Functions │ 127.0.0.1:5001 │ http://127.0.0.1:4000/functions │
└───────────┴────────────────┴─────────────────────────────────┘
  Emulator Hub host: 127.0.0.1 port: 4400
  Other reserved ports: 4500

Issues? Report them at https://github.com/firebase/firebase-tools/issues and attach the *-debug.log files.
 
